Deploy complete @ Sat May 12 2018 12:30:07 GMT-0400 (EDT). added/changed 1 file(s): templates/index.liquid.
Deploy complete @ Sat May 12 2018 12:30:36 GMT-0400 (EDT). added/changed 1 file(s): templates/index.liquid.
Deploy complete @ Mon May 14 2018 20:09:37 GMT-0400 (EDT). added/changed 1 file(s): assets/logo.png.
Deploy complete @ Mon May 14 2018 20:10:09 GMT-0400 (EDT). added/changed 1 file(s): templates/index.liquid.
Deploy complete @ Mon May 14 2018 20:10:14 GMT-0400 (EDT). added/changed 1 file(s): templates/page.capsule.liquid.
Deploy complete @ Mon May 14 2018 20:10:40 GMT-0400 (EDT). added/changed 1 file(s): assets/app.scss.liquid.
Deploy complete @ Mon May 14 2018 20:10:43 GMT-0400 (EDT). added/changed 1 file(s): assets/app.scss.liquid.
Deploy complete @ Mon May 14 2018 20:11:31 GMT-0400 (EDT). added/changed 1 file(s): assets/app.scss.liquid.
Deploy complete @ Mon May 14 2018 20:11:38 GMT-0400 (EDT). added/changed 1 file(s): assets/app.scss.liquid.
Deploy complete @ Mon May 14 2018 20:11:58 GMT-0400 (EDT). added/changed 1 file(s): assets/app.scss.liquid.
Deploy complete @ Mon May 14 2018 20:11:59 GMT-0400 (EDT). added/changed 1 file(s): templates/index.liquid.
Deploy complete @ Mon May 14 2018 20:12:14 GMT-0400 (EDT). added/changed 1 file(s): assets/app.scss.liquid.
Deploy complete @ Mon May 14 2018 20:12:40 GMT-0400 (EDT). added/changed 1 file(s): assets/app.scss.liquid.
Deploy complete @ Mon May 14 2018 20:15:47 GMT-0400 (EDT). added/changed 1 file(s): assets/app.scss.liquid.
Deploy complete @ Mon May 14 2018 20:24:58 GMT-0400 (EDT). added/changed 1 file(s): assets/app.scss.liquid.
Deploy complete @ Mon May 14 2018 20:25:10 GMT-0400 (EDT). added/changed 1 file(s): assets/app.scss.liquid.
Deploy complete @ Mon May 14 2018 20:25:56 GMT-0400 (EDT). added/changed 1 file(s): assets/app.scss.liquid.
Deploy complete @ Mon May 14 2018 20:26:11 GMT-0400 (EDT). added/changed 1 file(s): templates/index.liquid.
Deploy complete @ Mon May 14 2018 20:26:30 GMT-0400 (EDT). added/changed 1 file(s): assets/app.scss.liquid.
Deploy complete @ Mon May 14 2018 20:26:37 GMT-0400 (EDT). added/changed 1 file(s): assets/app.scss.liquid.
Deploy complete @ Mon May 14 2018 20:27:01 GMT-0400 (EDT). added/changed 1 file(s): assets/app.scss.liquid.
Deploy complete @ Mon May 14 2018 20:27:05 GMT-0400 (EDT). added/changed 1 file(s): assets/app.scss.liquid.
Deploy complete @ Mon May 14 2018 20:28:21 GMT-0400 (EDT). added/changed 1 file(s): assets/app.scss.liquid.
Deploy complete @ Mon May 14 2018 20:28:32 GMT-0400 (EDT). added/changed 1 file(s): assets/app.scss.liquid.
Deploy complete @ Mon May 14 2018 20:30:15 GMT-0400 (EDT). added/changed 1 file(s): templates/page.capsule.liquid.
Deploy complete @ Mon May 14 2018 20:30:40 GMT-0400 (EDT). added/changed 1 file(s): templates/page.capsule.liquid.
Deploy complete @ Mon May 14 2018 20:31:40 GMT-0400 (EDT). added/changed 1 file(s): templates/page.capsule.liquid.
Deploy complete @ Mon May 14 2018 20:33:14 GMT-0400 (EDT). added/changed 1 file(s): templates/page.capsule.liquid.
Deploy complete @ Mon May 14 2018 20:34:14 GMT-0400 (EDT). added/changed 1 file(s): templates/page.capsule.liquid.
Deploy complete @ Mon May 14 2018 20:34:38 GMT-0400 (EDT). added/changed 1 file(s): templates/page.capsule.liquid.
Deploy complete @ Mon May 14 2018 20:34:47 GMT-0400 (EDT). added/changed 1 file(s): templates/page.capsule.liquid.
Deploy complete @ Mon May 14 2018 20:35:41 GMT-0400 (EDT). added/changed 1 file(s): layout/theme.liquid.
Deploy complete @ Mon May 14 2018 20:35:42 GMT-0400 (EDT). added/changed 2 file(s): layout/theme.liquid, layout/theme.liquid.
Deploy complete @ Mon May 14 2018 20:36:10 GMT-0400 (EDT). added/changed 1 file(s): layout/theme.liquid.
Deploy complete @ Mon May 14 2018 20:38:32 GMT-0400 (EDT). added/changed 1 file(s): assets/close.css.liquid.
Deploy complete @ Mon May 14 2018 20:40:53 GMT-0400 (EDT). added/changed 1 file(s): assets/close.css.liquid.
Deploy complete @ Mon May 14 2018 20:41:14 GMT-0400 (EDT). added/changed 1 file(s): assets/close.css.liquid.
